<?xml version="1.0" encoding="UTF-8"?>
<!-- Generated by org.testng.reporters.JUnitReportReporter -->
<testsuite hostname="DESKTOP-AKGR4NQ" failures="0" tests="18" name="tests.TestCases" time="55.292" errors="0" timestamp="10 Jan 2021 05:18:10 GMT">
  <testcase classname="tests.TestCases" name="enterCityNameClickSearch" time="6.438"/>
  <testcase classname="tests.TestCases" name="enterCityNameClickSearch" time="4.709"/>
  <testcase classname="tests.TestCases" name="findProperty" time="1.945"/>
  <testcase classname="tests.TestCases" name="sortProperty" time="5.797"/>
  <testcase classname="tests.TestCases" name="validateListingPages" time="0.021"/>
  <testcase classname="tests.TestCases" name="verifyAgent" time="6.872"/>
  <testcase classname="tests.TestCases" name="handleCookiesPopUp" time="0.321"/>
  <testcase classname="tests.TestCases" name="getPropertyList" time="0.667"/>
  <testcase classname="tests.TestCases" name="getPropertyList" time="1.663"/>
  <testcase classname="tests.TestCases" name="AgentDetails" time="5.078"/>
  <testcase classname="tests.TestCases" name="validateHomePages" time="0.044"/>
  <testcase classname="tests.TestCases" name="findProperty" time="4.230"/>
  <testcase classname="tests.TestCases" name="validateHomePages" time="0.012"/>
  <testcase classname="tests.TestCases" name="AgentDetails" time="3.028"/>
  <testcase classname="tests.TestCases" name="sortProperty" time="7.461"/>
  <testcase classname="tests.TestCases" name="handleCookiesPopUp" time="0.587"/>
  <testcase classname="tests.TestCases" name="validateListingPages" time="0.017"/>
  <testcase classname="tests.TestCases" name="verifyAgent" time="6.402"/>
</testsuite> <!-- tests.TestCases -->
