<?xml version="1.0" encoding="UTF-8"?>
<!-- Generated by org.testng.reporters.JUnitReportReporter -->
<testsuite hostname="DESKTOP-AKGR4NQ" failures="0" tests="11" name="tests.TestCases" time="37.757" errors="0" timestamp="10 Jan 2021 00:48:14 GMT">
  <testcase classname="tests.TestCases" name="handleCookiesPopUp" time="0.231"/>
  <testcase classname="tests.TestCases" name="sortProperty" time="5.620"/>
  <testcase classname="tests.TestCases" name="verifyAgent" time="6.772"/>
  <testcase classname="tests.TestCases" name="enterCityNameClickSearch" time="6.890"/>
  <testcase classname="tests.TestCases" name="AgentDetails" time="3.545"/>
  <testcase classname="tests.TestCases" name="findProperty" time="3.651"/>
  <testcase classname="tests.TestCases" name="tearDown" time="0.759"/>
  <testcase classname="tests.TestCases" name="validateHomePages" time="0.043"/>
  <testcase classname="tests.TestCases" name="setReportAndDriver" time="9.269"/>
  <testcase classname="tests.TestCases" name="validateListingPages" time="0.115"/>
  <testcase classname="tests.TestCases" name="getPropertyList" time="0.862"/>
</testsuite> <!-- tests.TestCases -->
