<?xml version="1.0" encoding="UTF-8"?>
<!-- Generated by org.testng.reporters.JUnitReportReporter -->
<testsuite hostname="DESKTOP-AKGR4NQ" failures="0" tests="20" name="tests.TestCases" time="48.734" errors="0" timestamp="14 Jan 2021 04:51:16 GMT">
  <testcase classname="tests.TestCases" name="validateListingPages" time="0.018"/>
  <testcase classname="tests.TestCases" name="getPropertyList" time="0.640"/>
  <testcase classname="tests.TestCases" name="verifyAgent" time="6.395"/>
  <testcase classname="tests.TestCases" name="tearDown" time="1.637"/>
  <testcase classname="tests.TestCases" name="enterCityNameClickSearch" time="5.393"/>
  <testcase classname="tests.TestCases" name="AgentDetails" time="3.321"/>
  <testcase classname="tests.TestCases" name="sortProperty" time="5.815"/>
  <testcase classname="tests.TestCases" name="sortProperty" time="5.648"/>
  <testcase classname="tests.TestCases" name="validateHomePages" time="0.031"/>
  <testcase classname="tests.TestCases" name="tearDown" time="0.471"/>
  <testcase classname="tests.TestCases" name="handleCookiesPopUp" time="0.503"/>
  <testcase classname="tests.TestCases" name="verifyAgent" time="6.449"/>
  <testcase classname="tests.TestCases" name="handleCookiesPopUp" time="0.278"/>
  <testcase classname="tests.TestCases" name="enterCityNameClickSearch" time="5.540"/>
  <testcase classname="tests.TestCases" name="AgentDetails" time="2.122"/>
  <testcase classname="tests.TestCases" name="getPropertyList" time="0.543"/>
  <testcase classname="tests.TestCases" name="validateHomePages" time="0.015"/>
  <testcase classname="tests.TestCases" name="validateListingPages" time="0.025"/>
  <testcase classname="tests.TestCases" name="findProperty" time="1.923"/>
  <testcase classname="tests.TestCases" name="findProperty" time="1.967"/>
</testsuite> <!-- tests.TestCases -->
