<?xml version="1.0" encoding="UTF-8"?>
<!-- Generated by org.testng.reporters.JUnitReportReporter -->
<testsuite hostname="DESKTOP-AKGR4NQ" failures="0" tests="20" name="tests.TestCases" time="56.804" errors="0" timestamp="11 Jan 2021 06:49:59 GMT">
  <testcase classname="tests.TestCases" name="validateListingPages" time="0.030"/>
  <testcase classname="tests.TestCases" name="findProperty" time="3.178"/>
  <testcase classname="tests.TestCases" name="AgentDetails" time="4.599"/>
  <testcase classname="tests.TestCases" name="findProperty" time="2.964"/>
  <testcase classname="tests.TestCases" name="tearDown" time="0.526"/>
  <testcase classname="tests.TestCases" name="handleCookiesPopUp" time="0.570"/>
  <testcase classname="tests.TestCases" name="enterCityNameClickSearch" time="5.606"/>
  <testcase classname="tests.TestCases" name="handleCookiesPopUp" time="0.209"/>
  <testcase classname="tests.TestCases" name="tearDown" time="1.780"/>
  <testcase classname="tests.TestCases" name="validateHomePages" time="0.023"/>
  <testcase classname="tests.TestCases" name="AgentDetails" time="3.590"/>
  <testcase classname="tests.TestCases" name="validateHomePages" time="0.036"/>
  <testcase classname="tests.TestCases" name="enterCityNameClickSearch" time="5.691"/>
  <testcase classname="tests.TestCases" name="sortProperty" time="5.595"/>
  <testcase classname="tests.TestCases" name="getPropertyList" time="1.270"/>
  <testcase classname="tests.TestCases" name="getPropertyList" time="0.998"/>
  <testcase classname="tests.TestCases" name="verifyAgent" time="6.906"/>
  <testcase classname="tests.TestCases" name="verifyAgent" time="6.632"/>
  <testcase classname="tests.TestCases" name="validateListingPages" time="0.020"/>
  <testcase classname="tests.TestCases" name="sortProperty" time="6.581"/>
</testsuite> <!-- tests.TestCases -->
