<?xml version="1.0" encoding="UTF-8"?>
<!-- Generated by org.testng.reporters.JUnitReportReporter -->
<testsuite hostname="DESKTOP-AKGR4NQ" failures="0" tests="10" name="tests.TestCases" time="24.322" errors="0" timestamp="2021-02-05T12:32:26 MST" skipped="0">
  <testcase classname="tests.TestCases" name="handleCookiesPopUp" time="0.205"/>
  <testcase classname="tests.TestCases" name="validateHomePages" time="0.032"/>
  <testcase classname="tests.TestCases" name="enterCityNameClickSearch" time="4.904"/>
  <testcase classname="tests.TestCases" name="validateListingPages" time="0.030"/>
  <testcase classname="tests.TestCases" name="sortProperty" time="5.608"/>
  <testcase classname="tests.TestCases" name="getPropertyList" time="1.245"/>
  <testcase classname="tests.TestCases" name="findProperty" time="2.664"/>
  <testcase classname="tests.TestCases" name="AgentDetails" time="2.591"/>
  <testcase classname="tests.TestCases" name="verifyAgent" time="6.570"/>
  <testcase classname="tests.TestCases" name="tearDown" time="0.473"/>
</testsuite> <!-- tests.TestCases -->
